Tue Apr 03 11:34:37 2012 PyLog.py 72 line: 飞信登陆成功
Tue Apr 03 11:34:45 2012 PyLog.py 112 line: send to xuedong
Tue Apr 03 11:34:45 2012 PyLog.py 112 line: send to xuedong
Tue Apr 03 11:34:48 2012 PyLog.py 112 line: send to city
Tue Apr 03 11:34:48 2012 PyLog.py 112 line: send to city
Tue Apr 03 11:34:52 2012 PyLog.py 112 line: send to fox
Tue Apr 03 11:34:52 2012 PyLog.py 112 line: send to fox
Tue Apr 03 11:34:53 2012 PyLog.py 112 line: send to fox
Tue Apr 03 11:34:53 2012 PyLog.py 112 line: send to fox
Tue Apr 03 11:35:04 2012 PyLog.py 112 line: send to waterTree
Tue Apr 03 11:35:04 2012 PyLog.py 112 line: send to waterTree
Wed Apr 04 12:18:44 2012 PyLog.py 72 line: 飞信登陆成功
Wed Apr 04 12:18:52 2012 PyLog.py 112 line: send to xuedong
Wed Apr 04 12:18:53 2012 PyLog.py 112 line: send to xuedong
Wed Apr 04 12:18:55 2012 PyLog.py 112 line: send to city
Wed Apr 04 12:18:55 2012 PyLog.py 112 line: send to city
Wed Apr 04 12:18:58 2012 PyLog.py 112 line: send to fox
Wed Apr 04 12:18:58 2012 PyLog.py 112 line: send to fox
Wed Apr 04 12:18:59 2012 PyLog.py 112 line: send to fox
Wed Apr 04 12:19:00 2012 PyLog.py 112 line: send to fox
Wed Apr 04 12:19:12 2012 PyLog.py 112 line: send to waterTree
Wed Apr 04 12:19:13 2012 PyLog.py 112 line: send to waterTree
Thu Apr 05 12:36:56 2012 PyLog.py 72 line: 飞信登陆成功
Thu Apr 05 12:37:04 2012 PyLog.py 112 line: send to xuedong
Thu Apr 05 12:37:04 2012 PyLog.py 112 line: send to xuedong
Thu Apr 05 12:37:06 2012 PyLog.py 112 line: send to city
Thu Apr 05 12:37:07 2012 PyLog.py 112 line: send to city
Thu Apr 05 12:37:09 2012 PyLog.py 112 line: send to fox
Thu Apr 05 12:37:09 2012 PyLog.py 112 line: send to fox
Thu Apr 05 12:37:10 2012 PyLog.py 112 line: send to fox
Thu Apr 05 12:37:10 2012 PyLog.py 112 line: send to fox
Thu Apr 05 12:37:18 2012 PyLog.py 112 line: send to waterTree
Thu Apr 05 12:37:18 2012 PyLog.py 112 line: send to waterTree
Fri Apr 06 12:52:01 2012 PyLog.py 72 line: 飞信登陆成功
Fri Apr 06 12:53:01 2012 PyLog.py 72 line: 飞信登陆成功
Fri Apr 06 12:56:24 2012 PyLog.py 72 line: 飞信登陆成功
Fri Apr 06 12:56:33 2012 PyLog.py 112 line: send to xuedong
Fri Apr 06 12:56:34 2012 PyLog.py 112 line: send to xuedong
Fri Apr 06 12:56:35 2012 PyLog.py 112 line: send to city
Fri Apr 06 12:56:35 2012 PyLog.py 112 line: send to city
Fri Apr 06 12:56:37 2012 PyLog.py 112 line: send to fox
Fri Apr 06 12:56:38 2012 PyLog.py 112 line: send to fox
Fri Apr 06 12:56:38 2012 PyLog.py 112 line: send to fox
Fri Apr 06 12:56:39 2012 PyLog.py 112 line: send to fox
Fri Apr 06 12:56:46 2012 PyLog.py 112 line: send to waterTree
Fri Apr 06 12:56:46 2012 PyLog.py 112 line: send to waterTree
Sat Apr 07 11:58:53 2012 PyLog.py 72 line: 飞信登陆成功
Sat Apr 07 11:59:03 2012 PyLog.py 112 line: send to xuedong
Sat Apr 07 11:59:03 2012 PyLog.py 112 line: send to xuedong
Sat Apr 07 11:59:06 2012 PyLog.py 112 line: send to city
Sat Apr 07 11:59:06 2012 PyLog.py 112 line: send to city
Sat Apr 07 11:59:09 2012 PyLog.py 112 line: send to fox
Sat Apr 07 11:59:09 2012 PyLog.py 112 line: send to fox
Sat Apr 07 11:59:11 2012 PyLog.py 112 line: send to fox
Sat Apr 07 11:59:11 2012 PyLog.py 112 line: send to fox
Sat Apr 07 11:59:26 2012 PyLog.py 112 line: send to waterTree
Sat Apr 07 11:59:27 2012 PyLog.py 112 line: send to waterTree
Sat Apr 14 07:40:02 2012 PyLog.py 219 line: 飞信登陆失败
Sat Apr 14 07:40:03 2012 PyLog.py 224 line: 飞信登陆失败
Sat Apr 14 23:24:51 2012 PyLog.py 219 line: 飞信登陆失败
Sat Apr 14 23:24:51 2012 PyLog.py 224 line: 飞信登陆失败
Mon Apr 16 10:42:19 2012 PyLog.py 222 line: 飞信登陆成功
Mon Apr 16 10:42:21 2012 PyLog.py 242 line: send to litstrong successfully!
Mon Apr 16 10:45:16 2012 PyLog.py 222 line: 飞信登陆成功
Mon Apr 16 10:45:17 2012 PyLog.py 245 line: 网络拥堵，发送给 pzjay 将会稍有延迟 
Mon Apr 16 10:45:17 2012 PyLog.py 245 line: 网络拥堵，发送给 pzjay 将会稍有延迟 
Mon Apr 16 17:33:00 2012 PyLog.py 275 line: 飞信登陆成功
Mon Apr 16 17:33:03 2012 PyLog.py 135 line: list index out of range
Mon Apr 16 17:33:03 2012 PyLog.py 135 line: list index out of range
Mon Apr 16 17:33:55 2012 PyLog.py 275 line: 飞信登陆成功
Mon Apr 16 17:33:59 2012 PyLog.py 135 line: list index out of range
Mon Apr 16 17:33:59 2012 PyLog.py 135 line: list index out of range
Mon Apr 16 17:33:59 2012 NULL -1: 网络拥堵，发送给15801178340的信息将会稍有延迟
Mon Apr 16 17:33:59 2012 NULL -1: 网络拥堵，发送给15801178340的信息将会稍有延迟
Mon Apr 16 17:33:59 2012 NULL -1: 网络拥堵，发送给15801178340的信息将会稍有延迟
Mon Apr 16 17:33:59 2012 NULL -1: send to 15801178340 successfully!
Mon Apr 16 17:33:59 2012 NULL -1: 网络拥堵，发送给15801178340的信息将会稍有延迟
Mon Apr 16 17:33:59 2012 NULL -1: send to 15801178340 successfully!
Mon Apr 16 17:33:59 2012 NULL -1: send to 15801178340 successfully!
Mon Apr 16 17:33:59 2012 NULL -1: 网络拥堵，发送给15801178340的信息将会稍有延迟
Mon Apr 16 17:33:59 2012 NULL -1: send to 15801178340 successfully!
Mon Apr 16 17:34:02 2012 PyLog.py 135 line: list index out of range
Mon Apr 16 17:34:02 2012 PyLog.py 135 line: list index out of range
Mon Apr 16 17:34:02 2012 NULL -1: send to 15801178340 successfully!
Mon Apr 16 17:34:02 2012 NULL -1: send to 15801178340 successfully!
Mon Apr 16 17:34:02 2012 NULL -1: send to 15801178340 successfully!
Mon Apr 16 17:34:02 2012 NULL -1: send to 15801178340 successfully!
Mon Apr 16 17:34:02 2012 NULL -1: send to 15801178340 successfully!
Mon Apr 16 17:34:02 2012 NULL -1: send to 15801178340 successfully!
Mon Apr 16 17:34:02 2012 NULL -1: send to 15801178340 successfully!
Mon Apr 16 17:34:03 2012 NULL -1: send to 15801178340 successfully!
Mon Apr 16 17:34:03 2012 NULL -1: send to 15801178340 successfully!
Mon Apr 16 17:36:22 2012 PyLog.py 275 line: 飞信登陆成功
Mon Apr 16 17:38:42 2012 PyLog.py 275 line: 飞信登陆成功
Mon Apr 16 17:38:46 2012 PyLog.py 135 line: list index out of range
Mon Apr 16 17:38:46 2012 PyLog.py 135 line: list index out of range
Mon Apr 16 17:39:43 2012 PyLog.py 275 line: 飞信登陆成功
Mon Apr 16 17:39:47 2012 PyLog.py 135 line: list index out of range
Mon Apr 16 17:39:47 2012 PyLog.py 135 line: list index out of range
Mon Apr 16 17:39:47 2012 NULL -1: 网络拥堵，发送给15801178340的信息将会稍有延迟
Mon Apr 16 17:39:47 2012 NULL -1: 网络拥堵，发送给15801178340的信息将会稍有延迟
Mon Apr 16 17:39:47 2012 NULL -1: send to 15801178340 successfully!
Mon Apr 16 17:39:48 2012 NULL -1: 网络拥堵，发送给15801178340的信息将会稍有延迟
Mon Apr 16 17:39:48 2012 NULL -1: send to 15801178340 successfully!
Mon Apr 16 17:39:48 2012 NULL -1: send to 15801178340 successfully!
Mon Apr 16 17:39:48 2012 NULL -1: 网络拥堵，发送给15801178340的信息将会稍有延迟
Mon Apr 16 17:39:48 2012 NULL -1: send to 15801178340 successfully!
Mon Apr 16 17:39:48 2012 NULL -1: send to 15801178340 successfully!
Mon Apr 16 17:41:47 2012 PyLog.py 278 line: 飞信登陆成功
Mon Apr 16 17:41:49 2012 PyLog.py 191 line: 获取商品信息失败
Mon Apr 16 17:41:49 2012 PyLog.py 306 line: sorry，同时符合商品名和商品属性的商品未找到
Mon Apr 16 17:41:49 2012 NULL -1: 网络拥堵，发送给15801178340的信息将会稍有延迟
Mon Apr 16 17:42:26 2012 PyLog.py 278 line: 飞信登陆成功
Mon Apr 16 17:42:30 2012 PyLog.py 135 line: list index out of range
Mon Apr 16 17:42:30 2012 PyLog.py 135 line: list index out of range
Mon Apr 16 17:42:30 2012 NULL -1: 网络拥堵，发送给15801178340的信息将会稍有延迟
Mon Apr 16 17:42:30 2012 NULL -1: 网络拥堵，发送给15801178340的信息将会稍有延迟
Mon Apr 16 17:42:30 2012 NULL -1: send to 15801178340 successfully!
Mon Apr 16 17:42:30 2012 NULL -1: 网络拥堵，发送给15801178340的信息将会稍有延迟
Mon Apr 16 17:42:30 2012 NULL -1: send to 15801178340 successfully!
Mon Apr 16 17:42:30 2012 NULL -1: 网络拥堵，发送给15801178340的信息将会稍有延迟
Mon Apr 16 17:42:30 2012 NULL -1: send to 15801178340 successfully!
Mon Apr 16 17:42:31 2012 NULL -1: send to 15801178340 successfully!
Mon Apr 16 17:42:31 2012 NULL -1: 网络拥堵，发送给15801178340的信息将会稍有延迟
Mon Apr 16 17:44:35 2012 PyLog.py 281 line: 飞信登陆成功
Mon Apr 16 17:46:09 2012 PyLog.py 281 line: 飞信登陆成功
Mon Apr 16 17:46:30 2012 PyLog.py 281 line: 飞信登陆成功
Mon Apr 16 17:46:37 2012 PyLog.py 135 line: list index out of range
Mon Apr 16 17:46:37 2012 PyLog.py 135 line: list index out of range
Mon Apr 16 17:46:37 2012 NULL -1: 网络拥堵，发送给15801178340的信息将会稍有延迟
Mon Apr 16 17:46:37 2012 NULL -1: 网络拥堵，发送给15801178340的信息将会稍有延迟
Mon Apr 16 17:46:37 2012 NULL -1: send to 15801178340 successfully!
Mon Apr 16 17:46:37 2012 NULL -1: send to 15801178340 successfully!
Mon Apr 16 17:46:37 2012 NULL -1: 网络拥堵，发送给15801178340的信息将会稍有延迟
Mon Apr 16 17:46:37 2012 NULL -1: send to 15801178340 successfully!
Mon Apr 16 17:46:37 2012 NULL -1: send to 15801178340 successfully!
Mon Apr 16 17:46:37 2012 NULL -1: 网络拥堵，发送给15801178340的信息将会稍有延迟
Mon Apr 16 17:46:38 2012 NULL -1: send to 15801178340 successfully!
Sat May 05 10:52:49 2012 PyLog.py 222 line: 飞信登陆成功
Sun May 06 08:52:19 2012 PyLog.py 69 line: 飞信登陆失败
Sun May 06 08:52:19 2012 PyLog.py 74 line: 飞信登陆失败
Fri May 25 16:20:06 2012 PyLog.py 222 line: 飞信登陆成功
Fri May 25 16:20:10 2012 PyLog.py 245 line: 网络拥堵，发送给 pzjay 将会稍有延迟 
Fri May 25 16:20:10 2012 PyLog.py 245 line: 网络拥堵，发送给 pzjay 将会稍有延迟 
Fri May 25 16:20:10 2012 PyLog.py 242 line: send to pzjay successfully!
Fri May 25 16:20:10 2012 PyLog.py 245 line: 网络拥堵，发送给 pzjay 将会稍有延迟 
Fri May 25 16:20:10 2012 PyLog.py 242 line: send to pzjay successfully!
Fri May 25 16:20:10 2012 PyLog.py 245 line: 网络拥堵，发送给 pzjay 将会稍有延迟 
Fri May 25 16:20:10 2012 PyLog.py 242 line: send to pzjay successfully!
Fri May 25 16:20:10 2012 PyLog.py 242 line: send to pzjay successfully!
Fri May 25 16:20:10 2012 PyLog.py 245 line: 网络拥堵，发送给 pzjay 将会稍有延迟 
Fri May 25 16:20:10 2012 PyLog.py 242 line: send to pzjay successfully!
Sat May 26 14:20:11 2012 PyLog.py 72 line: 飞信登陆成功
Tue May 29 10:28:52 2012 PyLog.py 222 line: 飞信登陆成功
Tue May 29 10:28:57 2012 PyLog.py 245 line: 网络拥堵，发送给 pzjay 将会稍有延迟 
Tue May 29 10:28:57 2012 PyLog.py 242 line: send to pzjay successfully!
Wed May 30 08:34:59 2012 PyLog.py 72 line: 飞信登陆成功
Fri Jun 01 07:43:24 2012 PyLog.py 222 line: 飞信登陆成功
Fri Jun 01 07:43:41 2012 PyLog.py 245 line: 网络拥堵，发送给 pzjay 将会稍有延迟 
Fri Jun 01 07:43:41 2012 PyLog.py 245 line: 网络拥堵，发送给 pzjay 将会稍有延迟 
Fri Jun 01 23:41:30 2012 PyLog.py 72 line: 飞信登陆成功
Tue Jun 05 10:18:23 2012 PyLog.py 219 line: 飞信登陆失败
Tue Jun 05 10:18:23 2012 PyLog.py 224 line: 飞信登陆失败
Wed Jun 06 09:39:49 2012 PyLog.py 69 line: 飞信登陆失败
Wed Jun 06 09:39:49 2012 PyLog.py 74 line: 飞信登陆失败
Thu Jun 07 13:15:28 2012 PyLog.py 222 line: 飞信登陆成功
Thu Jun 07 13:16:00 2012 PyLog.py 245 line: 网络拥堵，发送给 pzjay 将会稍有延迟 
Thu Jun 07 13:16:00 2012 PyLog.py 245 line: 网络拥堵，发送给 pzjay 将会稍有延迟 
Fri Jun 08 11:15:25 2012 PyLog.py 72 line: 飞信登陆成功
Thu Jun 14 09:29:17 2012 PyLog.py 222 line: 飞信登陆成功
Thu Jun 14 09:29:23 2012 PyLog.py 242 line: send to pzjay successfully!
Thu Jun 14 09:29:23 2012 PyLog.py 242 line: send to pzjay successfully!
Thu Jun 14 19:22:30 2012 PyLog.py 222 line: 飞信登陆成功
Fri Jun 15 11:59:43 2012 PyLog.py 222 line: 飞信登陆成功
Sat Jun 16 09:47:07 2012 PyLog.py 74 line: 飞信登陆失败
Sun Jun 17 20:45:54 2012 PyLog.py 219 line: 飞信登陆失败
Sun Jun 17 20:45:54 2012 PyLog.py 224 line: 飞信登陆失败
Mon Jun 18 21:18:26 2012 PyLog.py 69 line: 飞信登陆失败
Mon Jun 18 21:18:26 2012 PyLog.py 74 line: 飞信登陆失败
Wed Jun 20 12:33:15 2012 PyLog.py 222 line: 飞信登陆成功
Thu Jun 21 06:00:14 2012 PyLog.py 222 line: 飞信登陆成功
Thu Jun 21 22:00:30 2012 PyLog.py 72 line: 飞信登陆成功
Sun Jun 24 19:17:59 2012 PyLog.py 219 line: 飞信登陆失败
Sun Jun 24 19:17:59 2012 PyLog.py 224 line: 飞信登陆失败
Tue Jun 26 10:43:54 2012 PyLog.py 69 line: 飞信登陆失败
Tue Jun 26 10:43:54 2012 PyLog.py 74 line: 飞信登陆失败
Sat Jun 30 12:04:35 2012 PyLog.py 222 line: 飞信登陆成功
Sun Jul 01 10:00:59 2012 PyLog.py 222 line: 飞信登陆成功
Sun Jul 01 10:01:06 2012 PyLog.py 242 line: send to pzjay successfully!
Sun Jul 01 10:01:06 2012 PyLog.py 242 line: send to pzjay successfully!
Mon Jul 02 08:44:57 2012 PyLog.py 69 line: 飞信登陆失败
Mon Jul 02 08:44:57 2012 PyLog.py 74 line: 飞信登陆失败
Tue Jul 03 18:18:16 2012 PyLog.py 222 line: 飞信登陆成功
Tue Jul 03 18:18:25 2012 PyLog.py 245 line: 网络拥堵，发送给 pzjay 将会稍有延迟 
Tue Jul 03 18:18:25 2012 PyLog.py 242 line: send to pzjay successfully!
Wed Jul 04 16:18:21 2012 PyLog.py 72 line: 飞信登陆成功
Fri Jul 06 14:16:16 2012 PyLog.py 222 line: 飞信登陆成功
Fri Jul 06 14:16:21 2012 PyLog.py 242 line: send to pzjay successfully!
Fri Jul 06 14:16:21 2012 PyLog.py 242 line: send to pzjay successfully!
Fri Jul 06 14:16:21 2012 PyLog.py 242 line: send to pzjay successfully!
Fri Jul 06 14:16:21 2012 PyLog.py 242 line: send to pzjay successfully!
Sat Jul 07 18:30:38 2012 PyLog.py 69 line: 飞信登陆失败
Sat Jul 07 18:30:38 2012 PyLog.py 74 line: 飞信登陆失败
Sun Jul 15 10:47:48 2012 PyLog.py 222 line: 飞信登陆成功
Sun Jul 15 10:47:52 2012 PyLog.py 242 line: send to pzjay successfully!
Sun Jul 15 10:47:52 2012 PyLog.py 242 line: send to pzjay successfully!
Sun Jul 15 10:47:52 2012 PyLog.py 242 line: send to pzjay successfully!
Sun Jul 15 10:47:53 2012 PyLog.py 242 line: send to pzjay successfully!
Mon Jul 16 10:03:13 2012 PyLog.py 69 line: 飞信登陆失败
Mon Jul 16 10:03:13 2012 PyLog.py 74 line: 飞信登陆失败
Tue Jul 24 19:54:50 2012 PyLog.py 222 line: 飞信登陆成功
Tue Jul 24 19:54:52 2012 PyLog.py 242 line: send to pzjay successfully!
Tue Jul 24 19:54:52 2012 PyLog.py 242 line: send to pzjay successfully!
Wed Jul 25 19:37:20 2012 PyLog.py 69 line: 飞信登陆失败
Wed Jul 25 19:37:20 2012 PyLog.py 74 line: 飞信登陆失败
Sun Jul 29 23:47:02 2012 PyLog.py 222 line: 飞信登陆成功
Mon Jul 30 21:47:06 2012 PyLog.py 72 line: 飞信登陆成功
Thu Aug 02 16:30:06 2012 PyLog.py 222 line: 飞信登陆成功
Thu Aug 02 16:30:10 2012 PyLog.py 242 line: send to pzjay successfully!
Thu Aug 02 16:30:10 2012 PyLog.py 242 line: send to pzjay successfully!
Thu Aug 02 16:30:10 2012 PyLog.py 242 line: send to pzjay successfully!
Thu Aug 02 16:30:10 2012 PyLog.py 242 line: send to pzjay successfully!
